{
  "RSpec": {
    "coverage": {
      "/Users/Jaana/Desktop/Käpis/RoR/RateBeer-RoR/app/helpers/application_helper.rb": [
        1,
        null
      ],
      "/Users/Jaana/Desktop/Käpis/RoR/RateBeer-RoR/app/helpers/bars_helper.rb": [
        1,
        null
      ],
      "/Users/Jaana/Desktop/Käpis/RoR/RateBeer-RoR/app/helpers/beer_clubs_helper.rb": [
        1,
        null
      ],
      "/Users/Jaana/Desktop/Käpis/RoR/RateBeer-RoR/app/helpers/beers_helper.rb": [
        1,
        null
      ],
      "/Users/Jaana/Desktop/Käpis/RoR/RateBeer-RoR/app/helpers/breweries_helper.rb": [
        1,
        null
      ],
      "/Users/Jaana/Desktop/Käpis/RoR/RateBeer-RoR/app/helpers/memberships_helper.rb": [
        1,
        null
      ],
      "/Users/Jaana/Desktop/Käpis/RoR/RateBeer-RoR/app/helpers/users_helper.rb": [
        1,
        null
      ],
      "/Users/Jaana/Desktop/Käpis/RoR/RateBeer-RoR/app/controllers/bars_controller.rb": [
        1,
        1,
        null,
        null,
        null,
        1,
        1,
        null,
        null,
        null,
        null,
        1,
        null,
        null,
        null,
        1,
        1,
        null,
        null,
        null,
        1,
        null,
        null,
        null,
        null,
        1,
        0,
        null,
        0,
        0,
        0,
        0,
        null,
        0,
        0,
        null,
        null,
        null,
        null,
        null,
        null,
        1,
        0,
        0,
        0,
        0,
        null,
        0,
        0,
        null,
        null,
        null,
        null,
        null,
        null,
        1,
        0,
        0,
        0,
        0,
        null,
        null,
        null,
        1,
        null,
        1,
        0,
        null,
        null,
        null,
        1,
        0,
        null,
        null
      ],
      "/Users/Jaana/Desktop/Käpis/RoR/RateBeer-RoR/app/controllers/application_controller.rb": [
        1,
        null,
        1,
        1,
        89,
        null,
        63,
        null,
        null,
        1,
        4,
        null,
        null
      ],
      "/Users/Jaana/Desktop/Käpis/RoR/RateBeer-RoR/app/models/bar.rb": [
        1,
        null
      ],
      "/Users/Jaana/Desktop/Käpis/RoR/RateBeer-RoR/app/models/application_record.rb": [
        1,
        1,
        null
      ],
      "/Users/Jaana/Desktop/Käpis/RoR/RateBeer-RoR/app/models/beer.rb": [
        1,
        1,
        null,
        1,
        1,
        1,
        null,
        1,
        null,
        1,
        2,
        null,
        null,
        null,
        1,
        0,
        null,
        0,
        null,
        null
      ],
      "/Users/Jaana/Desktop/Käpis/RoR/RateBeer-RoR/app/models/concerns/rating_average.rb": [
        1,
        1,
        null,
        1,
        3,
        null,
        null
      ],
      "/Users/Jaana/Desktop/Käpis/RoR/RateBeer-RoR/app/models/user.rb": [
        1,
        1,
        null,
        1,
        null,
        1,
        1,
        1,
        null,
        null,
        1,
        null,
        null,
        1,
        null,
        null,
        null,
        null,
        1,
        2,
        1,
        null,
        null,
        1,
        0,
        0,
        null,
        null,
        null,
        null,
        null
      ],
      "/Users/Jaana/Desktop/Käpis/RoR/RateBeer-RoR/app/models/brewery.rb": [
        1,
        1,
        null,
        1,
        1,
        null,
        1,
        null,
        null,
        1,
        null,
        null,
        null,
        null,
        null,
        null
      ],
      "/Users/Jaana/Desktop/Käpis/RoR/RateBeer-RoR/app/controllers/sessions_controller.rb": [
        1,
        1,
        null,
        null,
        null,
        1,
        null,
        6,
        6,
        6,
        6,
        null,
        0,
        null,
        null,
        null,
        1,
        null,
        0,
        null,
        0,
        null,
        null
      ],
      "/Users/Jaana/Desktop/Käpis/RoR/RateBeer-RoR/app/controllers/users_controller.rb": [
        1,
        1,
        null,
        null,
        null,
        1,
        0,
        null,
        null,
        null,
        null,
        1,
        null,
        null,
        null,
        1,
        0,
        0,
        0,
        null,
        null,
        null,
        1,
        null,
        null,
        null,
        null,
        1,
        0,
        null,
        0,
        0,
        0,
        0,
        null,
        0,
        0,
        null,
        null,
        null,
        null,
        null,
        null,
        1,
        0,
        0,
        0,
        0,
        null,
        0,
        0,
        null,
        null,
        null,
        null,
        null,
        null,
        1,
        0,
        0,
        0,
        0,
        null,
        null,
        null,
        1,
        null,
        1,
        7,
        null,
        null,
        null,
        1,
        0,
        null,
        null
      ],
      "/Users/Jaana/Desktop/Käpis/RoR/RateBeer-RoR/app/models/rating.rb": [
        1,
        1,
        1,
        null,
        1,
        null,
        null,
        null,
        1,
        9,
        null,
        null
      ],
      "/Users/Jaana/Desktop/Käpis/RoR/RateBeer-RoR/app/controllers/beers_controller.rb": [
        1,
        1,
        1,
        1,
        null,
        null,
        null,
        1,
        1,
        null,
        null,
        null,
        null,
        null,
        null,
        1,
        2,
        null,
        null,
        null,
        null,
        1,
        null,
        null,
        null,
        null,
        1,
        2,
        null,
        2,
        2,
        2,
        1,
        null,
        2,
        1,
        null,
        null,
        null,
        null,
        1,
        4,
        4,
        null,
        null,
        null,
        null,
        1,
        0,
        0,
        0,
        0,
        null,
        0,
        0,
        null,
        null,
        null,
        null,
        null,
        null,
        1,
        0,
        0,
        0,
        0,
        null,
        null,
        null,
        1,
        null,
        null,
        1,
        0,
        null,
        null,
        null,
        1,
        2,
        null,
        null
      ],
      "/Users/Jaana/Desktop/Käpis/RoR/RateBeer-RoR/app/controllers/breweries_controller.rb": [
        1,
        1,
        1,
        null,
        null,
        null,
        null,
        1,
        3,
        null,
        null,
        null,
        null,
        null,
        null,
        1,
        0,
        null,
        null,
        null,
        1,
        null,
        null,
        null,
        null,
        1,
        0,
        null,
        0,
        0,
        0,
        0,
        null,
        0,
        0,
        null,
        null,
        null,
        null,
        null,
        null,
        1,
        0,
        0,
        0,
        0,
        null,
        0,
        0,
        null,
        null,
        null,
        null,
        null,
        null,
        1,
        0,
        0,
        0,
        0,
        null,
        null,
        null,
        1,
        null,
        null,
        1,
        1,
        null,
        null,
        null,
        1,
        0,
        null,
        null
      ],
      "/Users/Jaana/Desktop/Käpis/RoR/RateBeer-RoR/app/controllers/ratings_controller.rb": [
        1,
        1,
        2,
        null,
        null,
        1,
        1,
        1,
        null,
        null,
        1,
        1,
        1,
        null,
        1,
        0,
        1,
        1,
        1,
        null,
        0,
        0,
        null,
        null,
        null,
        1,
        0,
        0,
        0,
        null,
        null,
        null
      ],
      "/Users/Jaana/Desktop/Käpis/RoR/RateBeer-RoR/app/channels/application_cable/channel.rb": [
        0,
        0,
        0,
        0
      ],
      "/Users/Jaana/Desktop/Käpis/RoR/RateBeer-RoR/app/channels/application_cable/connection.rb": [
        0,
        0,
        0,
        0
      ],
      "/Users/Jaana/Desktop/Käpis/RoR/RateBeer-RoR/app/controllers/beer_clubs_controller.rb": [
        0,
        0,
        null,
        null,
        null,
        0,
        0,
        0,
        null,
        null,
        null,
        0,
        0,
        null,
        null,
        0,
        0,
        0,
        null,
        null,
        0,
        0,
        null,
        null,
        null,
        0,
        0,
        null,
        0,
        0,
        0,
        0,
        0,
        0,
        0,
        0,
        0,
        0,
        null,
        null,
        null,
        0,
        0,
        0,
        0,
        0,
        0,
        0,
        0,
        0,
        0,
        0,
        null,
        null,
        null,
        0,
        0,
        0,
        0,
        0,
        0,
        0,
        null,
        0,
        null,
        0,
        0,
        0,
        null,
        null,
        0,
        0,
        0,
        0
      ],
      "/Users/Jaana/Desktop/Käpis/RoR/RateBeer-RoR/app/controllers/memberships_controller.rb": [
        0,
        0,
        null,
        null,
        null,
        0,
        0,
        0,
        null,
        null,
        null,
        0,
        0,
        null,
        null,
        0,
        0,
        0,
        null,
        null,
        0,
        0,
        null,
        null,
        null,
        0,
        0,
        null,
        0,
        0,
        0,
        0,
        0,
        0,
        0,
        0,
        0,
        0,
        null,
        null,
        null,
        0,
        0,
        0,
        0,
        0,
        0,
        0,
        0,
        0,
        0,
        0,
        null,
        null,
        null,
        0,
        0,
        0,
        0,
        0,
        0,
        0,
        null,
        0,
        null,
        0,
        0,
        0,
        null,
        null,
        0,
        0,
        0,
        0
      ],
      "/Users/Jaana/Desktop/Käpis/RoR/RateBeer-RoR/app/jobs/application_job.rb": [
        0,
        0
      ],
      "/Users/Jaana/Desktop/Käpis/RoR/RateBeer-RoR/app/mailers/application_mailer.rb": [
        0,
        0,
        0,
        0
      ],
      "/Users/Jaana/Desktop/Käpis/RoR/RateBeer-RoR/app/models/beer_club.rb": [
        0,
        0,
        null,
        0
      ],
      "/Users/Jaana/Desktop/Käpis/RoR/RateBeer-RoR/app/models/membership.rb": [
        0,
        0,
        0,
        0
      ]
    },
    "timestamp": 1538338305
  }
}
